#
# A fatal error has been detected by the Java Runtime Environment:
#
#  EXCEPTION_ACCESS_VIOLATION (0xc0000005) at pc=0x000000006dae2120, pid=6084, tid=8032
#
# JRE version: 6.0_29-b11
# Java VM: Java HotSpot(TM) 64-Bit Server VM (20.4-b02 mixed mode windows-amd64 compressed oops)
# Problematic frame:
# V  [jvm.dll+0x252120]
#
# If you would like to submit a bug report, please visit:
#   http://java.sun.com/webapps/bugreport/crash.jsp
#

---------------  T H R E A D  ---------------

Current thread (0x000000000051c800):  VMThread [stack: 0x0000000006550000,0x0000000006650000] [id=8032]

siginfo: ExceptionCode=0xc0000005, reading address 0x00000000907d1e18

Registers:
RAX=0x000000006de86738, RBX=0x000000000764ed00, RCX=0x000000006dfab170, RDX=0x00000000907d1e18
RSP=0x000000000664f8b8, RBP=0x0000000000474870, RSI=0x000000000764eae8, RDI=0x000000006dfab0d0
R8 =0x000000006de44e60, R9 =0x0000022b0b0d0016, R10=0x000000000664f7e0, R11=0x0000000002c51ff0
R12=0x0000000000000191, R13=0x0000000000000c88, R14=0x000000006dfab170, R15=0x0000000000000012
RIP=0x000000006dae2120, EFLAGS=0x0000000000010246

Top of Stack: (sp=0x000000000664f8b8)
0x000000000664f8b8:   000000006dad55f7 0000000000473e50
0x000000000664f8c8:   000000006dae2e87 00000000b1b7b4b0
0x000000000664f8d8:   0000000000473dc0 0000000000473f90
0x000000000664f8e8:   000000000026cce0 0000000000473e50
0x000000000664f8f8:   000000006dc57f6f 0000000000000000
0x000000000664f908:   0000000000473dc0 000000000026a420
0x000000000664f918:   000000006dfab0d0 0000000000000000
0x000000000664f928:   000000006dc65c52 000000006de5b058
0x000000000664f938:   0000000000000000 000000006dfab0d0
0x000000000664f948:   0000000000000c01 0000000000010100
0x000000000664f958:   0000000000000000 000000000026b800
0x000000000664f968:   0000000000000000 0000000002fefff8
0x000000000664f978:   00000000002659a0 0000000000473e50
0x000000000664f988:   000000006dc58adb 0000000000519201
0x000000000664f998:   0000000000473dc0 0000000000000000
0x000000000664f9a8:   0000000000519160 0000000000265901 

Instructions: (pc=0x000000006dae2120)
0x000000006dae2100:   fc 74 14 4c 2b 05 1e 31 4b 00 0f b6 0d 1f 31 4b
0x000000006dae2110:   00 49 d3 e8 44 89 02 c2 00 00 cc cc cc cc cc cc
0x000000006dae2120:   48 8b 0a 80 e1 03 80 f9 03 0f 94 c0 c3 cc cc cc
0x000000006dae2130:   48 53 48 83 ec 20 48 8b 15 23 8e 4c 00 48 8b d9 


Register to memory mapping:

RAX=0x000000006de86738 is an unknown value
RBX=0x000000000764ed00 is an unknown value
RCX=0x000000006dfab170 is an unknown value
RDX=0x00000000907d1e18 is an unknown value
RSP=0x000000000664f8b8 is an unknown value
RBP=0x0000000000474870 is an unknown value
RSI=0x000000000764eae8 is an unknown value
RDI=0x000000006dfab0d0 is an unknown value
R8 =0x000000006de44e60 is an unknown value
R9 =0x0000022b0b0d0016 is an unknown value
R10=0x000000000664f7e0 is an unknown value
R11=0x0000000002c51350 [CodeBlob (0x0000000002c51350)]
Framesize: 32
R12=0x0000000000000191 is an unknown value
R13=0x0000000000000c88 is an unknown value
R14=0x000000006dfab170 is an unknown value
R15=0x0000000000000012 is an unknown value


Stack: [0x0000000006550000,0x0000000006650000],  sp=0x000000000664f8b8,  free space=1022k
Native frames: (J=compiled Java code, j=interpreted, Vv=VM code, C=native code)
V  [jvm.dll+0x252120]

VM_Operation (0x000000000912cd50): ParallelGCFailedAllocation, mode: safepoint, requested by thread 0x0000000007e7e000


---------------  P R O C E S S  ---------------

Java Threads: ( => current thread )
  0x000000000ae34800 JavaThread "Stdin handler" [_thread_blocked, id=6768, stack(0x000000000a5e0000,0x000000000a6e0000)]
  0x000000000bd5a800 JavaThread "Handler for socket connection at /127.0.0.1:50337 with /127.0.0.1:51494" [_thread_in_native, id=6996, stack(0x00000000091e0000,0x00000000092e0000)]
  0x0000000007e7e000 JavaThread "Daemon Thread 3" [_thread_blocked, id=7848, stack(0x0000000009030000,0x0000000009130000)]
  0x0000000007c40000 JavaThread "File lock request listener" [_thread_in_native, id=7472, stack(0x000000000a4e0000,0x000000000a5e0000)]
  0x0000000008007000 JavaThread "Incoming local TCP Connector on port 50337" [_thread_in_native, id=6436, stack(0x0000000008e60000,0x0000000008f60000)]
  0x00000000068b4800 JavaThread "Low Memory Detector" daemon [_thread_blocked, id=7028, stack(0x0000000006e50000,0x0000000006f50000)]
  0x00000000068b1800 JavaThread "C2 CompilerThread1" daemon [_thread_blocked, id=7600, stack(0x0000000006d50000,0x0000000006e50000)]
  0x00000000068a8800 JavaThread "C2 CompilerThread0" daemon [_thread_blocked, id=6128, stack(0x0000000006c50000,0x0000000006d50000)]
  0x0000000006860800 JavaThread "Attach Listener" daemon [_thread_blocked, id=8072, stack(0x0000000006b50000,0x0000000006c50000)]
  0x000000000685b800 JavaThread "Signal Dispatcher" daemon [_thread_blocked, id=7312, stack(0x0000000006a50000,0x0000000006b50000)]
  0x0000000000526800 JavaThread "Finalizer" daemon [_thread_blocked, id=8152, stack(0x0000000006750000,0x0000000006850000)]
  0x0000000000524800 JavaThread "Reference Handler" daemon [_thread_blocked, id=1264, stack(0x0000000006650000,0x0000000006750000)]
  0x000000000026b800 JavaThread "main" [_thread_blocked, id=7288, stack(0x0000000002690000,0x0000000002790000)]

Other Threads:
=>0x000000000051c800 VMThread [stack: 0x0000000006550000,0x0000000006650000] [id=8032]
  0x00000000068b5800 WatcherThread [stack: 0x0000000006f50000,0x0000000007050000] [id=5836]

VM state:at safepoint (normal execution)

VM Mutex/Monitor currently owned by a thread:  ([mutex/lock_event])
[0x0000000000269620] Threads_lock - owner thread: 0x000000000051c800
[0x0000000000269b20] Heap_lock - owner thread: 0x0000000007e7e000

Heap
 PSYoungGen      total 120384K, used 118208K [0x00000000eaab0000, 0x00000000f4b40000, 0x0000000100000000)
  eden space 118208K, 100% used [0x00000000eaab0000,0x00000000f1e20000,0x00000000f1e20000)
  from space 2176K, 0% used [0x00000000f1f30000,0x00000000f1f30000,0x00000000f2150000)
  to   space 23104K, 0% used [0x00000000f34b0000,0x00000000f34b0000,0x00000000f4b40000)
 PSOldGen        total 49088K, used 49087K [0x00000000c0000000, 0x00000000c2ff0000, 0x00000000eaab0000)
  object space 49088K, 99% used [0x00000000c0000000,0x00000000c2fefff8,0x00000000c2ff0000)
 PSPermGen       total 112576K, used 61182K [0x00000000b0000000, 0x00000000b6df0000, 0x00000000c0000000)
  object space 112576K, 54% used [0x00000000b0000000,0x00000000b3bbf958,0x00000000b6df0000)

Code Cache  [0x0000000002790000, 0x0000000002c70000, 0x0000000005790000)
 total_blobs=1639 nmethods=1053 adapters=538 free_code_cache=45375040 largest_free_block=32832

Dynamic libraries:
0x0000000000400000 - 0x000000000042e000 	C:\Program Files\Java\jdk1.6.0_29\bin\java.exe
0x0000000077160000 - 0x0000000077309000 	C:\Windows\SYSTEM32\ntdll.dll
0x0000000077040000 - 0x000000007715f000 	C:\Windows\system32\kernel32.dll
0x000007fefd920000 - 0x000007fefd98c000 	C:\Windows\system32\KERNELBASE.dll
0x000007feff390000 - 0x000007feff46b000 	C:\Windows\system32\ADVAPI32.dll
0x000007feff2f0000 - 0x000007feff38f000 	C:\Windows\system32\msvcrt.dll
0x000007feff250000 - 0x000007feff26f000 	C:\Windows\SYSTEM32\sechost.dll
0x000007fefee40000 - 0x000007fefef6d000 	C:\Windows\system32\RPCRT4.dll
0x000000006d890000 - 0x000000006e048000 	C:\Program Files\Java\jdk1.6.0_29\jre\bin\server\jvm.dll
0x0000000076a80000 - 0x0000000076b7a000 	C:\Windows\system32\USER32.dll
0x000007fefe9d0000 - 0x000007fefea37000 	C:\Windows\system32\GDI32.dll
0x000007fefeaa0000 - 0x000007fefeaae000 	C:\Windows\system32\LPK.dll
0x000007fefe820000 - 0x000007fefe8e9000 	C:\Windows\system32\USP10.dll
0x000007fef9f10000 - 0x000007fef9f4b000 	C:\Windows\system32\WINMM.dll
0x000007fefea40000 - 0x000007fefea6e000 	C:\Windows\system32\IMM32.DLL
0x000007fefeab0000 - 0x000007fefebb9000 	C:\Windows\system32\MSCTF.dll
0x000007fefd580000 - 0x000007fefd5bc000 	C:\Windows\system32\nvinitx.dll
0x000000006d800000 - 0x000000006d80e000 	C:\Program Files\Java\jdk1.6.0_29\jre\bin\verify.dll
0x000000006d450000 - 0x000000006d477000 	C:\Program Files\Java\jdk1.6.0_29\jre\bin\java.dll
0x000000006d850000 - 0x000000006d862000 	C:\Program Files\Java\jdk1.6.0_29\jre\bin\zip.dll
0x000007fefce50000 - 0x000007fefce67000 	C:\Windows\system32\CRYPTSP.dll
0x000007fefcb10000 - 0x000007fefcb57000 	C:\Windows\system32\rsaenh.dll
0x000007fefc8d0000 - 0x000007fefc8ee000 	C:\Windows\system32\USERENV.dll
0x000007fefd5c0000 - 0x000007fefd5cf000 	C:\Windows\system32\profapi.dll
0x000007fefd4b0000 - 0x000007fefd4bf000 	C:\Windows\system32\CRYPTBASE.dll
0x000000006d6a0000 - 0x000000006d6b7000 	C:\Program Files\Java\jdk1.6.0_29\jre\bin\net.dll
0x000007fefef70000 - 0x000007fefefbd000 	C:\Windows\system32\WS2_32.dll
0x000007fefea70000 - 0x000007fefea78000 	C:\Windows\system32\NSI.dll
0x000007fefcdb0000 - 0x000007fefce05000 	C:\Windows\system32\mswsock.dll
0x000007fefcda0000 - 0x000007fefcda7000 	C:\Windows\System32\wship6.dll
0x000007fefbbf0000 - 0x000007fefbc05000 	C:\Windows\system32\NLAapi.dll
0x000007fef54a0000 - 0x000007fef54b5000 	C:\Windows\system32\napinsp.dll
0x000007fef5210000 - 0x000007fef5229000 	C:\Windows\system32\pnrpnsp.dll
0x000007fefcc30000 - 0x000007fefcc8b000 	C:\Windows\system32\DNSAPI.dll
0x000007fef51d0000 - 0x000007fef51db000 	C:\Windows\System32\winrnr.dll
0x000007fefc790000 - 0x000007fefc797000 	C:\Windows\System32\wshtcpip.dll
0x000007fefb4b0000 - 0x000007fefb4d7000 	C:\Windows\system32\IPHLPAPI.DLL
0x000007fefb4a0000 - 0x000007fefb4ab000 	C:\Windows\system32\WINNSI.DLL
0x000007fef9510000 - 0x000007fef9518000 	C:\Windows\system32\rasadhlp.dll
0x000007fefb2f0000 - 0x000007fefb343000 	C:\Windows\System32\fwpuclnt.dll
0x000007fef5400000 - 0x000007fef5412000 	C:\Users\Administrator\AppData\Local\Temp\native-platform42472976739808165dir\native-platform.dll
0x000007fefefc0000 - 0x000007feff031000 	C:\Windows\system32\SHLWAPI.dll
0x000000006d6c0000 - 0x000000006d6cb000 	C:\Program Files\Java\jdk1.6.0_29\jre\bin\nio.dll
0x000007fefb2c0000 - 0x000007fefb2d1000 	C:\Windows\system32\dhcpcsvc6.DLL
0x000007fefb2a0000 - 0x000007fefb2b8000 	C:\Windows\system32\dhcpcsvc.DLL
0x000007fefd450000 - 0x000007fefd4a7000 	C:\Windows\system32\apphelp.dll
0x0000000077330000 - 0x0000000077337000 	C:\Windows\system32\PSAPI.DLL

VM Arguments:
jvm_args: -XX:MaxPermSize=256m -XX:+HeapDumpOnOutOfMemoryError -Xmx1024m -Dfile.encoding=GBK 
java_command: org.gradle.launcher.daemon.bootstrap.GradleDaemon 1.12 C:\Users\Administrator\.gradle\daemon 10800000 2be11b78-0fc6-4634-80f7-dee0caf6e1ee -XX:MaxPermSize=256m -XX:+HeapDumpOnOutOfMemoryError -Xmx1024m -Dfile.encoding=GBK
Launcher Type: SUN_STANDARD

Environment Variables:
JAVA_HOME=C:\Program Files\Java\jdk1.6.0_29
PATH=C:\Windows\system32;C:\Windows;C:\Windows\System32\Wbem;C:\Windows\System32\WindowsPowerShell\v1.0\;C:\Program Files\Intel\WiFi\bin\;C:\Program Files\Common Files\Intel\WirelessCommon\;C:\Program Files\Intel\WiFi\bin\;C:\Program Files\Common Files\Intel\WirelessCommon\
USERNAME=Administrator
OS=Windows_NT
PROCESSOR_IDENTIFIER=Intel64 Family 6 Model 42 Stepping 7, GenuineIntel



---------------  S Y S T E M  ---------------

OS: Windows 7 , 64 bit Build 7601 Service Pack 1

CPU:total 4 (2 cores per cpu, 2 threads per core) family 6 model 42 stepping 7, cmov, cx8, fxsr, mmx, sse, sse2, sse3, ssse3, sse4.1, sse4.2, popcnt, ht

Memory: 4k page, physical 4102856k(871104k free), swap 8203860k(4109364k free)

vm_info: Java HotSpot(TM) 64-Bit Server VM (20.4-b02) for windows-amd64 JRE (1.6.0_29-b11), built on Oct  3 2011 01:06:42 by "java_re" with MS VC++ 8.0 (VS2005)

time: Sat Oct 18 00:03:40 2014
elapsed time: 964 seconds

